  Win32Platform.cpp
c:\users\josh\source\repos\3d rendering engine\3d rendering engine\utils.cpp(6): warning C4305: 'initializing': truncation from 'double' to 'float'
c:\users\josh\source\repos\3d rendering engine\3d rendering engine\utils.cpp(53): warning C4244: 'argument': conversion from 'double' to 'float', possible loss of data
c:\users\josh\source\repos\3d rendering engine\3d rendering engine\renderer.cpp(14): warning C4244: 'argument': conversion from 'int' to 'float', possible loss of data
c:\users\josh\source\repos\3d rendering engine\3d rendering engine\renderer.cpp(14): warning C4244: '=': conversion from 'float' to 'int', possible loss of data
c:\users\josh\source\repos\3d rendering engine\3d rendering engine\renderer.cpp(15): warning C4244: 'argument': conversion from 'int' to 'float', possible loss of data
c:\users\josh\source\repos\3d rendering engine\3d rendering engine\renderer.cpp(15): warning C4244: '=': conversion from 'float' to 'int', possible loss of data
c:\users\josh\source\repos\3d rendering engine\3d rendering engine\renderer.cpp(16): warning C4244: 'argument': conversion from 'int' to 'float', possible loss of data
c:\users\josh\source\repos\3d rendering engine\3d rendering engine\renderer.cpp(16): warning C4244: '=': conversion from 'float' to 'int', possible loss of data
c:\users\josh\source\repos\3d rendering engine\3d rendering engine\renderer.cpp(17): warning C4244: 'argument': conversion from 'int' to 'float', possible loss of data
c:\users\josh\source\repos\3d rendering engine\3d rendering engine\renderer.cpp(17): warning C4244: '=': conversion from 'float' to 'int', possible loss of data
c:\users\josh\source\repos\3d rendering engine\3d rendering engine\renderer.cpp(30): warning C4244: 'argument': conversion from 'int' to 'float', possible loss of data
c:\users\josh\source\repos\3d rendering engine\3d rendering engine\renderer.cpp(30): warning C4244: 'initializing': conversion from 'float' to 'int', possible loss of data
c:\users\josh\source\repos\3d rendering engine\3d rendering engine\renderer.cpp(31): warning C4244: 'argument': conversion from 'int' to 'float', possible loss of data
c:\users\josh\source\repos\3d rendering engine\3d rendering engine\renderer.cpp(31): warning C4244: 'initializing': conversion from 'float' to 'int', possible loss of data
c:\users\josh\source\repos\3d rendering engine\3d rendering engine\renderer.cpp(32): warning C4244: 'argument': conversion from 'int' to 'float', possible loss of data
c:\users\josh\source\repos\3d rendering engine\3d rendering engine\renderer.cpp(32): warning C4244: 'initializing': conversion from 'float' to 'int', possible loss of data
c:\users\josh\source\repos\3d rendering engine\3d rendering engine\renderer.cpp(33): warning C4244: 'argument': conversion from 'int' to 'float', possible loss of data
c:\users\josh\source\repos\3d rendering engine\3d rendering engine\renderer.cpp(33): warning C4244: 'initializing': conversion from 'float' to 'int', possible loss of data
c:\users\josh\source\repos\3d rendering engine\3d rendering engine\renderer.cpp(37): warning C4244: 'argument': conversion from 'int' to 'float', possible loss of data
c:\users\josh\source\repos\3d rendering engine\3d rendering engine\renderer.cpp(48): warning C4244: 'argument': conversion from 'int' to 'float', possible loss of data
c:\users\josh\source\repos\3d rendering engine\3d rendering engine\renderer.cpp(48): warning C4244: 'initializing': conversion from 'float' to 'int', possible loss of data
c:\users\josh\source\repos\3d rendering engine\3d rendering engine\renderer.cpp(49): warning C4244: 'argument': conversion from 'int' to 'float', possible loss of data
c:\users\josh\source\repos\3d rendering engine\3d rendering engine\renderer.cpp(49): warning C4244: 'initializing': conversion from 'float' to 'int', possible loss of data
c:\users\josh\source\repos\3d rendering engine\3d rendering engine\renderer.cpp(50): warning C4244: 'argument': conversion from 'int' to 'float', possible loss of data
c:\users\josh\source\repos\3d rendering engine\3d rendering engine\renderer.cpp(50): warning C4244: 'initializing': conversion from 'float' to 'int', possible loss of data
c:\users\josh\source\repos\3d rendering engine\3d rendering engine\renderer.cpp(51): warning C4244: 'argument': conversion from 'int' to 'float', possible loss of data
c:\users\josh\source\repos\3d rendering engine\3d rendering engine\renderer.cpp(51): warning C4244: 'initializing': conversion from 'float' to 'int', possible loss of data
c:\users\josh\source\repos\3d rendering engine\3d rendering engine\renderer.cpp(55): warning C4244: 'argument': conversion from 'int' to 'float', possible loss of data
c:\users\josh\source\repos\3d rendering engine\3d rendering engine\renderer.cpp(56): warning C4244: 'argument': conversion from 'int' to 'float', possible loss of data
c:\users\josh\source\repos\3d rendering engine\3d rendering engine\renderer.cpp(84): warning C4244: 'initializing': conversion from 'float' to 'int', possible loss of data
c:\users\josh\source\repos\3d rendering engine\3d rendering engine\renderer.cpp(85): warning C4244: 'initializing': conversion from 'float' to 'int', possible loss of data
c:\users\josh\source\repos\3d rendering engine\3d rendering engine\renderer.cpp(86): warning C4244: 'initializing': conversion from 'float' to 'int', possible loss of data
c:\users\josh\source\repos\3d rendering engine\3d rendering engine\renderer.cpp(87): warning C4244: 'initializing': conversion from 'float' to 'int', possible loss of data
c:\users\josh\source\repos\3d rendering engine\3d rendering engine\renderer.cpp(109): warning C4244: 'argument': conversion from 'float' to 'int', possible loss of data
c:\users\josh\source\repos\3d rendering engine\3d rendering engine\renderer.cpp(130): warning C4244: 'argument': conversion from 'float' to 'int', possible loss of data
c:\users\josh\source\repos\3d rendering engine\3d rendering engine\game.cpp(34): warning C4244: 'argument': conversion from 'int' to 'float', possible loss of data
c:\users\josh\source\repos\3d rendering engine\3d rendering engine\game.cpp(35): warning C4244: 'argument': conversion from 'int' to 'float', possible loss of data
c:\users\josh\source\repos\3d rendering engine\3d rendering engine\game.cpp(36): warning C4244: 'argument': conversion from 'int' to 'float', possible loss of data
c:\users\josh\source\repos\3d rendering engine\3d rendering engine\game.cpp(46): warning C4244: '=': conversion from 'int' to 'float', possible loss of data
c:\users\josh\source\repos\3d rendering engine\3d rendering engine\utils.cpp(118): warning C4172: returning address of local variable or temporary: r
  3D Rendering Engine.vcxproj -> C:\Users\Josh\source\repos\3D Rendering Engine\x64\Debug\3D Rendering Engine.exe
